0 info it worked if it ends with ok
1 verbose cli [ '/usr/bin/nodejs',
1 verbose cli   '/usr/bin/npm',
1 verbose cli   'install',
1 verbose cli   'angular-chosen-localytics',
1 verbose cli   '–save' ]
2 info using npm@3.8.6
3 info using node@v4.4.3
4 silly loadCurrentTree Starting
5 silly install loadCurrentTree
6 silly install readLocalPackageData
7 silly fetchPackageMetaData angular-chosen-localytics
8 silly fetchPackageMetaData –save
9 silly fetchNamedPackageData angular-chosen-localytics
10 silly mapToRegistry name angular-chosen-localytics
11 silly mapToRegistry using default registry
12 silly mapToRegistry registry https://registry.npmjs.org/
13 silly mapToRegistry data Result {
13 silly mapToRegistry   raw: 'angular-chosen-localytics',
13 silly mapToRegistry   scope: null,
13 silly mapToRegistry   name: 'angular-chosen-localytics',
13 silly mapToRegistry   rawSpec: '',
13 silly mapToRegistry   spec: 'latest',
13 silly mapToRegistry   type: 'tag' }
14 silly mapToRegistry uri https://registry.npmjs.org/angular-chosen-localytics
15 silly fetchOtherPackageData –save
16 silly cache add args [ '–save', null ]
17 verbose cache add spec –save
18 verbose request uri https://registry.npmjs.org/angular-chosen-localytics
19 verbose request no auth needed
20 info attempt registry request try #1 at 11:58:14 AM
21 verbose request id 6ad024051dbaa4bb
22 http request GET https://registry.npmjs.org/angular-chosen-localytics
23 silly cache add parsed spec Result {
23 silly cache add   raw: '–save',
23 silly cache add   scope: null,
23 silly cache add   name: null,
23 silly cache add   rawSpec: '–save',
23 silly cache add   spec: '/home/user/ws/php/wsdl-service/public/–save',
23 silly cache add   type: 'local' }
24 verbose stack TypeError: The header content contains invalid characters
24 verbose stack     at ClientRequest.OutgoingMessage.setHeader (_http_outgoing.js:351:13)
24 verbose stack     at new ClientRequest (_http_client.js:79:14)
24 verbose stack     at Object.exports.request (http.js:31:10)
24 verbose stack     at Object.socket.once.exports.request (https.js:182:15)
24 verbose stack     at Request.start (/usr/lib/node_modules/npm/node_modules/request/request.js:747:30)
24 verbose stack     at Request.end (/usr/lib/node_modules/npm/node_modules/request/request.js:1381:10)
24 verbose stack     at end (/usr/lib/node_modules/npm/node_modules/request/request.js:575:14)
24 verbose stack     at Immediate._onImmediate (/usr/lib/node_modules/npm/node_modules/request/request.js:589:7)
24 verbose stack     at processImmediate [as _immediateCallback] (timers.js:383:17)
25 verbose cwd /home/user/ws/php/wsdl-service/public
26 error Linux 3.13.0-37-generic
27 error argv "/usr/bin/nodejs" "/usr/bin/npm" "install" "angular-chosen-localytics" "–save"
28 error node v4.4.3
29 error npm  v3.8.6
30 error The header content contains invalid characters
31 error If you need help, you may report this error at:
31 error     <https://github.com/npm/npm/issues>
32 verbose exit [ 1, true ]
